TicksPerSecond :  10000000000 

  0   1   -50.0
  1   0   -50.0
  1   4   -50.0
  4   1   -50.0
  1   7   -50.0
  7   1   -50.0
  1   2   -50.0
  2   1   -50.0
  4   5   -50.0
  5   4   -50.0
0:0:10.000000000 DEBUG (0): Booted
0:0:10.000000000 DEBUG (0): curdepth = 0  ,  parentID= 0 
0:0:10.000000000 DEBUG (0): Command selected is MAX
0:0:10.000000000 DEBUG (1): Booted
0:0:10.000000000 DEBUG (1): curdepth = 255  ,  parentID= 65535 
0:0:10.000000000 DEBUG (2): Booted
0:0:10.000000000 DEBUG (2): curdepth = 255  ,  parentID= 65535 
0:0:10.000000000 DEBUG (3): Booted
0:0:10.000000000 DEBUG (3): curdepth = 255  ,  parentID= 65535 
0:0:10.000000000 DEBUG (4): Booted
0:0:10.000000000 DEBUG (4): curdepth = 255  ,  parentID= 65535 
0:0:10.000000000 DEBUG (5): Booted
0:0:10.000000000 DEBUG (5): curdepth = 255  ,  parentID= 65535 
0:0:10.000000000 DEBUG (6): Booted
0:0:10.000000000 DEBUG (6): curdepth = 255  ,  parentID= 65535 
0:0:10.000000000 DEBUG (7): Booted
0:0:10.000000000 DEBUG (7): curdepth = 255  ,  parentID= 65535 
0:0:10.000000000 DEBUG (8): Booted
0:0:10.000000000 DEBUG (8): curdepth = 255  ,  parentID= 65535 
0:0:10.000000000 DEBUG (9): Booted
0:0:10.000000000 DEBUG (9): curdepth = 255  ,  parentID= 65535 
0:0:10.000000010 DEBUG (0): Radio initialized successfully!!!
0:0:10.000000010 DEBUG (1): Radio initialized successfully!!!
0:0:10.000000010 DEBUG (2): Radio initialized successfully!!!
0:0:10.000000010 DEBUG (3): Radio initialized successfully!!!
0:0:10.000000010 DEBUG (4): Radio initialized successfully!!!
0:0:10.000000010 DEBUG (5): Radio initialized successfully!!!
0:0:10.000000010 DEBUG (6): Radio initialized successfully!!!
0:0:10.000000010 DEBUG (7): Radio initialized successfully!!!
0:0:10.000000010 DEBUG (8): Radio initialized successfully!!!
0:0:10.000000010 DEBUG (9): Radio initialized successfully!!!
0:0:10.488281260 DEBUG (0): RoutingMsgTimer fired!  radioBusy = False 
0:0:10.488281260 DEBUG (0): 
 ##################################### 
0:0:10.488281260 DEBUG (0): #######   ROUTING    ############## 
0:0:10.488281260 DEBUG (0): #####################################
0:0:10.488281260 DEBUG (0): Sending RoutingMsg... 
0:0:10.488281260 DEBUG (0): RoutingMsg enqueued successfully in SendingQueue!!!
0:0:10.488281290 DEBUG (0): startEpoch()
0:0:10.488281290 DEBUG (0): startEpoch(): Started Epoch Timer. Offset Milli = 40000
0:0:10.510742197 DEBUG (1): RoutingMsgTimer fired!  radioBusy = False 
0:0:10.510742197 DEBUG (1): Sending RoutingMsg... 
0:0:10.510742197 DEBUG (1): RoutingMsg enqueued successfully in SendingQueue!!!
0:0:10.510742227 DEBUG (1): startEpoch()
0:0:10.510742227 DEBUG (1): startEpoch(): Started Epoch Timer. Offset Milli = 39870
0:0:10.539062510 DEBUG (2): RoutingMsgTimer fired!  radioBusy = False 
0:0:10.539062510 DEBUG (2): Sending RoutingMsg... 
0:0:10.539062510 DEBUG (2): RoutingMsg enqueued successfully in SendingQueue!!!
0:0:10.539062510 DEBUG (4): RoutingMsgTimer fired!  radioBusy = False 
0:0:10.539062510 DEBUG (4): Sending RoutingMsg... 
0:0:10.539062510 DEBUG (4): RoutingMsg enqueued successfully in SendingQueue!!!
0:0:10.539062510 DEBUG (7): RoutingMsgTimer fired!  radioBusy = False 
0:0:10.539062510 DEBUG (7): Sending RoutingMsg... 
0:0:10.539062510 DEBUG (7): RoutingMsg enqueued successfully in SendingQueue!!!
0:0:10.539062540 DEBUG (2): startEpoch()
0:0:10.539062540 DEBUG (2): startEpoch(): Started Epoch Timer. Offset Milli = 39740
0:0:10.539062540 DEBUG (4): startEpoch()
0:0:10.539062540 DEBUG (4): startEpoch(): Started Epoch Timer. Offset Milli = 39740
0:0:10.539062540 DEBUG (7): startEpoch()
0:0:10.539062540 DEBUG (7): startEpoch(): Started Epoch Timer. Offset Milli = 39740
0:0:10.569335948 DEBUG (5): RoutingMsgTimer fired!  radioBusy = False 
0:0:10.569335948 DEBUG (5): Sending RoutingMsg... 
0:0:10.569335948 DEBUG (5): RoutingMsg enqueued successfully in SendingQueue!!!
0:0:10.569335978 DEBUG (5): startEpoch()
0:0:10.569335978 DEBUG (5): startEpoch(): Started Epoch Timer. Offset Milli = 39610
0:0:48.567382823 DEBUG (5): SlotTimer.fired()
0:0:48.567382833 DEBUG (5): calculateData()
0:0:48.567382833 DEBUG (5): calculateData(): No Data Received!!!
0:0:48.567382833 DEBUG (5): calculateData(): Sending Measurement [36] to Parent 4 
0:0:48.567382833 DEBUG (5): calculateData(): DataMaxMsg enqueued in SendingMaxQueue successfully!!!
0:0:48.567382833 DEBUG (5): updateSensorValue(): New Measurement = 28
0:0:48.567382853 DEBUG (5): sendMaxDataTask(): Send returned success!!!
0:0:48.570129419 DEBUG (4): DataMax packet received!!!  from 5 
0:0:48.570129419 DEBUG (4): ### RoutingReceive.receive() end ##### 
0:0:48.570297264 DEBUG (5): A Data Max package sent... True 
0:0:48.664062510 DEBUG (2): SlotTimer.fired()
0:0:48.664062510 DEBUG (4): SlotTimer.fired()
0:0:48.664062510 DEBUG (7): SlotTimer.fired()
0:0:48.664062520 DEBUG (2): calculateData()
0:0:48.664062520 DEBUG (2): calculateData(): No Data Received!!!
0:0:48.664062520 DEBUG (2): calculateData(): Sending Measurement [28] to Parent 1 
0:0:48.664062520 DEBUG (2): calculateData(): DataMaxMsg enqueued in SendingMaxQueue successfully!!!
0:0:48.664062520 DEBUG (2): updateSensorValue(): New Measurement = 34
0:0:48.664062520 DEBUG (4): calculateData()
0:0:48.664062520 DEBUG (4): calculateData(): Data Received from 5: Value = 36
0:0:48.664062520 DEBUG (4): calculateData(): DataMaxMsg enqueued in SendingQueue successfully!!!
0:0:48.664062520 DEBUG (4): updateSensorValue(): New Measurement = 41
0:0:48.664062520 DEBUG (7): calculateData()
0:0:48.664062520 DEBUG (7): calculateData(): No Data Received!!!
0:0:48.664062520 DEBUG (7): calculateData(): Sending Measurement [43] to Parent 1 
0:0:48.664062520 DEBUG (7): calculateData(): DataMaxMsg enqueued in SendingMaxQueue successfully!!!
0:0:48.664062520 DEBUG (7): updateSensorValue(): New Measurement = 50
0:0:48.664062540 DEBUG (2): sendMaxDataTask(): Send returned success!!!
0:0:48.664062540 DEBUG (4): sendMaxDataTask(): Send returned success!!!
0:0:48.664062540 DEBUG (7): sendMaxDataTask(): Send returned success!!!
0:0:48.665039073 DEBUG (5): LostTaskTimer.fired()
0:0:48.668365493 DEBUG (1): DataMax packet received!!!  from 2 
0:0:48.668365493 DEBUG (1): ### RoutingReceive.receive() end ##### 
0:0:48.668533339 DEBUG (2): A Data Max package sent... True 
0:0:48.672729482 DEBUG (1): DataMax packet received!!!  from 7 
0:0:48.672729482 DEBUG (1): ### RoutingReceive.receive() end ##### 
0:0:48.672897328 DEBUG (7): A Data Max package sent... True 
0:0:48.673446640 DEBUG (1): DataMax packet received!!!  from 4 
0:0:48.673446640 DEBUG (1): ### RoutingReceive.receive() end ##### 
0:0:48.673614486 DEBUG (4): A Data Max package sent... True 
0:0:48.761718760 DEBUG (2): LostTaskTimer.fired()
0:0:48.761718760 DEBUG (4): LostTaskTimer.fired()
0:0:48.761718760 DEBUG (7): LostTaskTimer.fired()
0:0:48.762695322 DEBUG (1): SlotTimer.fired()
0:0:48.762695332 DEBUG (1): calculateData()
0:0:48.762695332 DEBUG (1): calculateData(): Data Received from 2: Value = 28
0:0:48.762695332 DEBUG (1): calculateData(): Data Received from 7: Value = 43
0:0:48.762695332 DEBUG (1): calculateData(): Data Received from 4: Value = 44
0:0:48.762695332 DEBUG (1): calculateData(): DataMaxMsg enqueued in SendingQueue successfully!!!
0:0:48.762695332 DEBUG (1): updateSensorValue(): New Measurement = 35
0:0:48.762695352 DEBUG (1): sendMaxDataTask(): Send returned success!!!
0:0:48.763946566 DEBUG (0): DataMax packet received!!!  from 1 
0:0:48.763946566 DEBUG (0): ### RoutingReceive.receive() end ##### 
0:0:48.764114411 DEBUG (1): A Data Max package sent... True 
0:0:48.860351572 DEBUG (1): LostTaskTimer.fired()
0:0:48.867187510 DEBUG (0): SlotTimer.fired()
0:0:48.867187520 DEBUG (0): calculateData()
0:0:48.867187520 DEBUG (0): calculateData(): Data Received from 1: Value = 44
0:0:48.867187520 DEBUG (0): calculateData(): Sending Results to PC
0:0:48.867187520 DEBUG (0): 
	rootResults(): MAX = 44

0:0:48.867187520 DEBUG (0): updateSensorValue(): New Measurement = 31
0:0:49.062500010 DEBUG (0): Epoch: 1
0:0:49.062500010 DEBUG (1): Epoch: 1
0:0:49.062500010 DEBUG (2): Epoch: 1
0:0:49.062500010 DEBUG (4): Epoch: 1
0:0:49.062500010 DEBUG (5): Epoch: 1
0:0:49.062500010 DEBUG (7): Epoch: 1
0:1:27.060546885 DEBUG (5): SlotTimer.fired()
0:1:27.060546895 DEBUG (5): calculateData()
0:1:27.060546895 DEBUG (5): calculateData(): No Data Received!!!
0:1:27.060546895 DEBUG (5): calculateData(): Sending Measurement [28] to Parent 4 
0:1:27.060546895 DEBUG (5): calculateData(): DataMaxMsg enqueued in SendingMaxQueue successfully!!!
0:1:27.060546895 DEBUG (5): updateSensorValue(): New Measurement = 31
0:1:27.060546915 DEBUG (5): sendMaxDataTask(): Send returned success!!!
0:1:27.068710320 DEBUG (4): DataMax packet received!!!  from 5 
0:1:27.068710320 DEBUG (4): ### RoutingReceive.receive() end ##### 
0:1:27.068878165 DEBUG (5): A Data Max package sent... True 
0:1:27.158203135 DEBUG (5): LostTaskTimer.fired()
0:1:27.187500010 DEBUG (2): SlotTimer.fired()
0:1:27.187500010 DEBUG (4): SlotTimer.fired()
0:1:27.187500010 DEBUG (7): SlotTimer.fired()
0:1:27.187500020 DEBUG (2): calculateData()
0:1:27.187500020 DEBUG (2): calculateData(): No Data Received!!!
0:1:27.187500020 DEBUG (2): calculateData(): Sending Measurement [34] to Parent 1 
0:1:27.187500020 DEBUG (2): calculateData(): DataMaxMsg enqueued in SendingMaxQueue successfully!!!
0:1:27.187500020 DEBUG (2): updateSensorValue(): New Measurement = 39
0:1:27.187500020 DEBUG (4): calculateData()
0:1:27.187500020 DEBUG (4): calculateData(): Data Received from 5: Value = 28
0:1:27.187500020 DEBUG (4): calculateData(): DataMaxMsg enqueued in SendingQueue successfully!!!
0:1:27.187500020 DEBUG (4): updateSensorValue(): New Measurement = 31
0:1:27.187500020 DEBUG (7): calculateData()
0:1:27.187500020 DEBUG (7): calculateData(): No Data Received!!!
0:1:27.187500020 DEBUG (7): calculateData(): Sending Measurement [50] to Parent 1 
0:1:27.187500020 DEBUG (7): calculateData(): DataMaxMsg enqueued in SendingMaxQueue successfully!!!
0:1:27.187500020 DEBUG (7): updateSensorValue(): New Measurement = 43
0:1:27.187500040 DEBUG (2): sendMaxDataTask(): Send returned success!!!
0:1:27.187500040 DEBUG (4): sendMaxDataTask(): Send returned success!!!
0:1:27.187500040 DEBUG (7): sendMaxDataTask(): Send returned success!!!
0:1:27.189285308 DEBUG (1): DataMax packet received!!!  from 7 
0:1:27.189285308 DEBUG (1): ### RoutingReceive.receive() end ##### 
0:1:27.189453154 DEBUG (7): A Data Max package sent... True 
0:1:27.195831290 DEBUG (1): DataMax packet received!!!  from 4 
0:1:27.195831290 DEBUG (1): ### RoutingReceive.receive() end ##### 
0:1:27.195999136 DEBUG (4): A Data Max package sent... True 
0:1:27.198455786 DEBUG (1): DataMax packet received!!!  from 2 
0:1:27.198455786 DEBUG (1): ### RoutingReceive.receive() end ##### 
0:1:27.198623632 DEBUG (2): A Data Max package sent... True 
0:1:27.285156260 DEBUG (2): LostTaskTimer.fired()
0:1:27.285156260 DEBUG (4): LostTaskTimer.fired()
0:1:27.285156260 DEBUG (7): LostTaskTimer.fired()
0:1:27.314453135 DEBUG (1): SlotTimer.fired()
0:1:27.314453145 DEBUG (1): calculateData()
0:1:27.314453145 DEBUG (1): calculateData(): Data Received from 7: Value = 50
0:1:27.314453145 DEBUG (1): calculateData(): Data Received from 4: Value = 41
0:1:27.314453145 DEBUG (1): calculateData(): Data Received from 2: Value = 34
0:1:27.314453145 DEBUG (1): calculateData(): DataMaxMsg enqueued in SendingQueue successfully!!!
0:1:27.314453145 DEBUG (1): updateSensorValue(): New Measurement = 42
0:1:27.314453165 DEBUG (1): sendMaxDataTask(): Send returned success!!!
0:1:27.319488536 DEBUG (0): DataMax packet received!!!  from 1 
0:1:27.319488536 DEBUG (0): ### RoutingReceive.receive() end ##### 
0:1:27.319656381 DEBUG (1): A Data Max package sent... True 
0:1:27.412109385 DEBUG (1): LostTaskTimer.fired()
0:1:27.441406260 DEBUG (0): SlotTimer.fired()
0:1:27.441406270 DEBUG (0): calculateData()
0:1:27.441406270 DEBUG (0): calculateData(): Data Received from 1: Value = 50
0:1:27.441406270 DEBUG (0): calculateData(): Sending Results to PC
0:1:27.441406270 DEBUG (0): 
	rootResults(): MAX = 50

0:1:27.441406270 DEBUG (0): updateSensorValue(): New Measurement = 37
0:1:28.125000010 DEBUG (0): Epoch: 2
0:1:28.125000010 DEBUG (1): Epoch: 2
0:1:28.125000010 DEBUG (2): Epoch: 2
0:1:28.125000010 DEBUG (4): Epoch: 2
0:1:28.125000010 DEBUG (5): Epoch: 2
0:1:28.125000010 DEBUG (7): Epoch: 2
0:2:6.123046885 DEBUG (5): SlotTimer.fired()
0:2:6.123046895 DEBUG (5): calculateData()
0:2:6.123046895 DEBUG (5): calculateData(): No Data Received!!!
0:2:6.123046895 DEBUG (5): calculateData(): Sending Measurement [31] to Parent 4 
0:2:6.123046895 DEBUG (5): calculateData(): DataMaxMsg enqueued in SendingMaxQueue successfully!!!
0:2:6.123046895 DEBUG (5): updateSensorValue(): New Measurement = 30
0:2:6.123046915 DEBUG (5): sendMaxDataTask(): Send returned success!!!
0:2:6.127059953 DEBUG (4): DataMax packet received!!!  from 5 
0:2:6.127059953 DEBUG (4): ### RoutingReceive.receive() end ##### 
0:2:6.127227799 DEBUG (5): A Data Max package sent... True 
0:2:6.220703135 DEBUG (5): LostTaskTimer.fired()
0:2:6.250000010 DEBUG (2): SlotTimer.fired()
0:2:6.250000010 DEBUG (4): SlotTimer.fired()
0:2:6.250000010 DEBUG (7): SlotTimer.fired()
0:2:6.250000020 DEBUG (2): calculateData()
0:2:6.250000020 DEBUG (2): calculateData(): No Data Received!!!
0:2:6.250000020 DEBUG (2): calculateData(): Sending Measurement [39] to Parent 1 
0:2:6.250000020 DEBUG (2): calculateData(): DataMaxMsg enqueued in SendingMaxQueue successfully!!!
0:2:6.250000020 DEBUG (2): updateSensorValue(): New Measurement = 31
0:2:6.250000020 DEBUG (4): calculateData()
0:2:6.250000020 DEBUG (4): calculateData(): Data Received from 5: Value = 31
0:2:6.250000020 DEBUG (4): calculateData(): DataMaxMsg enqueued in SendingQueue successfully!!!
0:2:6.250000020 DEBUG (4): updateSensorValue(): New Measurement = 29
0:2:6.250000020 DEBUG (7): calculateData()
0:2:6.250000020 DEBUG (7): calculateData(): No Data Received!!!
0:2:6.250000020 DEBUG (7): calculateData(): Sending Measurement [43] to Parent 1 
0:2:6.250000020 DEBUG (7): calculateData(): DataMaxMsg enqueued in SendingMaxQueue successfully!!!
0:2:6.250000020 DEBUG (7): updateSensorValue(): New Measurement = 41
0:2:6.250000040 DEBUG (2): sendMaxDataTask(): Send returned success!!!
0:2:6.250000040 DEBUG (4): sendMaxDataTask(): Send returned success!!!
0:2:6.250000040 DEBUG (7): sendMaxDataTask(): Send returned success!!!
0:2:6.251663239 DEBUG (1): DataMax packet received!!!  from 7 
0:2:6.251663239 DEBUG (1): ### RoutingReceive.receive() end ##### 
0:2:6.251831084 DEBUG (7): A Data Max package sent... True 
0:2:6.253326437 DEBUG (1): DataMax packet received!!!  from 4 
0:2:6.253326437 DEBUG (1): ### RoutingReceive.receive() end ##### 
0:2:6.253494282 DEBUG (4): A Data Max package sent... True 
0:2:6.259887677 DEBUG (1): DataMax packet received!!!  from 2 
0:2:6.259887677 DEBUG (1): ### RoutingReceive.receive() end ##### 
0:2:6.260055523 DEBUG (2): A Data Max package sent... True 
0:2:6.347656260 DEBUG (2): LostTaskTimer.fired()
0:2:6.347656260 DEBUG (4): LostTaskTimer.fired()
0:2:6.347656260 DEBUG (7): LostTaskTimer.fired()
0:2:6.376953135 DEBUG (1): SlotTimer.fired()
0:2:6.376953145 DEBUG (1): calculateData()
0:2:6.376953145 DEBUG (1): calculateData(): Data Received from 7: Value = 43
0:2:6.376953145 DEBUG (1): calculateData(): Data Received from 4: Value = 31
0:2:6.376953145 DEBUG (1): calculateData(): Data Received from 2: Value = 39
0:2:6.376953145 DEBUG (1): calculateData(): DataMaxMsg enqueued in SendingQueue successfully!!!
0:2:6.376953145 DEBUG (1): updateSensorValue(): New Measurement = 35
0:2:6.376953165 DEBUG (1): sendMaxDataTask(): Send returned success!!!
0:2:6.382370003 DEBUG (0): DataMax packet received!!!  from 1 
0:2:6.382370003 DEBUG (0): ### RoutingReceive.receive() end ##### 
0:2:6.382537849 DEBUG (1): A Data Max package sent... True 
0:2:6.474609385 DEBUG (1): LostTaskTimer.fired()
0:2:6.503906260 DEBUG (0): SlotTimer.fired()
0:2:6.503906270 DEBUG (0): calculateData()
0:2:6.503906270 DEBUG (0): calculateData(): Data Received from 1: Value = 43
0:2:6.503906270 DEBUG (0): calculateData(): Sending Results to PC
0:2:6.503906270 DEBUG (0): 
	rootResults(): MAX = 43

0:2:6.503906270 DEBUG (0): updateSensorValue(): New Measurement = 30
0:2:7.187500010 DEBUG (0): Epoch: 3
0:2:7.187500010 DEBUG (1): Epoch: 3
0:2:7.187500010 DEBUG (2): Epoch: 3
0:2:7.187500010 DEBUG (4): Epoch: 3
0:2:7.187500010 DEBUG (5): Epoch: 3
0:2:7.187500010 DEBUG (7): Epoch: 3
0:2:45.185546885 DEBUG (5): SlotTimer.fired()
0:2:45.185546895 DEBUG (5): calculateData()
0:2:45.185546895 DEBUG (5): calculateData(): No Data Received!!!
0:2:45.185546895 DEBUG (5): calculateData(): Sending Measurement [30] to Parent 4 
0:2:45.185546895 DEBUG (5): calculateData(): DataMaxMsg enqueued in SendingMaxQueue successfully!!!
0:2:45.185546895 DEBUG (5): updateSensorValue(): New Measurement = 26
0:2:45.185546915 DEBUG (5): sendMaxDataTask(): Send returned success!!!
0:2:45.189895645 DEBUG (4): DataMax packet received!!!  from 5 
0:2:45.189895645 DEBUG (4): ### RoutingReceive.receive() end ##### 
0:2:45.190063490 DEBUG (5): A Data Max package sent... True 
0:2:45.283203135 DEBUG (5): LostTaskTimer.fired()
0:2:45.312500010 DEBUG (2): SlotTimer.fired()
0:2:45.312500010 DEBUG (4): SlotTimer.fired()
0:2:45.312500010 DEBUG (7): SlotTimer.fired()
0:2:45.312500020 DEBUG (2): calculateData()
0:2:45.312500020 DEBUG (2): calculateData(): No Data Received!!!
0:2:45.312500020 DEBUG (2): calculateData(): Sending Measurement [31] to Parent 1 
0:2:45.312500020 DEBUG (2): calculateData(): DataMaxMsg enqueued in SendingMaxQueue successfully!!!
0:2:45.312500020 DEBUG (2): updateSensorValue(): New Measurement = 23
0:2:45.312500020 DEBUG (4): calculateData()
0:2:45.312500020 DEBUG (4): calculateData(): Data Received from 5: Value = 30
0:2:45.312500020 DEBUG (4): calculateData(): DataMaxMsg enqueued in SendingQueue successfully!!!
0:2:45.312500020 DEBUG (4): updateSensorValue(): New Measurement = 21
0:2:45.312500020 DEBUG (7): calculateData()
0:2:45.312500020 DEBUG (7): calculateData(): No Data Received!!!
0:2:45.312500020 DEBUG (7): calculateData(): Sending Measurement [41] to Parent 1 
0:2:45.312500020 DEBUG (7): calculateData(): DataMaxMsg enqueued in SendingMaxQueue successfully!!!
0:2:45.312500020 DEBUG (7): updateSensorValue(): New Measurement = 47
0:2:45.312500040 DEBUG (2): sendMaxDataTask(): Send returned success!!!
0:2:45.312500040 DEBUG (4): sendMaxDataTask(): Send returned success!!!
0:2:45.312500040 DEBUG (7): sendMaxDataTask(): Send returned success!!!
0:2:45.314361601 DEBUG (1): DataMax packet received!!!  from 2 
0:2:45.314361601 DEBUG (1): ### RoutingReceive.receive() end ##### 
0:2:45.314529447 DEBUG (2): A Data Max package sent... True 
0:2:45.316543595 DEBUG (1): DataMax packet received!!!  from 4 
0:2:45.316543595 DEBUG (1): ### RoutingReceive.receive() end ##### 
0:2:45.316711441 DEBUG (4): A Data Max package sent... True 
0:2:45.317810068 DEBUG (1): DataMax packet received!!!  from 7 
0:2:45.317810068 DEBUG (1): ### RoutingReceive.receive() end ##### 
0:2:45.317977914 DEBUG (7): A Data Max package sent... True 
0:2:45.410156260 DEBUG (2): LostTaskTimer.fired()
0:2:45.410156260 DEBUG (4): LostTaskTimer.fired()
0:2:45.410156260 DEBUG (7): LostTaskTimer.fired()
0:2:45.439453135 DEBUG (1): SlotTimer.fired()
0:2:45.439453145 DEBUG (1): calculateData()
0:2:45.439453145 DEBUG (1): calculateData(): Data Received from 2: Value = 31
0:2:45.439453145 DEBUG (1): calculateData(): Data Received from 4: Value = 30
0:2:45.439453145 DEBUG (1): calculateData(): Data Received from 7: Value = 41
0:2:45.439453145 DEBUG (1): calculateData(): DataMaxMsg enqueued in SendingQueue successfully!!!
0:2:45.439453145 DEBUG (1): updateSensorValue(): New Measurement = 28
0:2:45.439453165 DEBUG (1): sendMaxDataTask(): Send returned success!!!
0:2:45.443222064 DEBUG (0): DataMax packet received!!!  from 1 
0:2:45.443222064 DEBUG (0): ### RoutingReceive.receive() end ##### 
0:2:45.443389909 DEBUG (1): A Data Max package sent... True 
0:2:45.537109385 DEBUG (1): LostTaskTimer.fired()
0:2:45.566406260 DEBUG (0): SlotTimer.fired()
0:2:45.566406270 DEBUG (0): calculateData()
0:2:45.566406270 DEBUG (0): calculateData(): Data Received from 1: Value = 41
0:2:45.566406270 DEBUG (0): calculateData(): Sending Results to PC
0:2:45.566406270 DEBUG (0): 
	rootResults(): MAX = 41

0:2:45.566406270 DEBUG (0): updateSensorValue(): New Measurement = 27
0:2:46.250000010 DEBUG (0): Epoch: 4
0:2:46.250000010 DEBUG (1): Epoch: 4
0:2:46.250000010 DEBUG (2): Epoch: 4
0:2:46.250000010 DEBUG (4): Epoch: 4
0:2:46.250000010 DEBUG (5): Epoch: 4
0:2:46.250000010 DEBUG (7): Epoch: 4
0:3:24.248046885 DEBUG (5): SlotTimer.fired()
0:3:24.248046895 DEBUG (5): calculateData()
0:3:24.248046895 DEBUG (5): calculateData(): No Data Received!!!
0:3:24.248046895 DEBUG (5): calculateData(): Sending Measurement [26] to Parent 4 
0:3:24.248046895 DEBUG (5): calculateData(): DataMaxMsg enqueued in SendingMaxQueue successfully!!!
0:3:24.248046895 DEBUG (5): updateSensorValue(): New Measurement = 33
0:3:24.248046915 DEBUG (5): sendMaxDataTask(): Send returned success!!!
0:3:24.253387460 DEBUG (4): DataMax packet received!!!  from 5 
0:3:24.253387460 DEBUG (4): ### RoutingReceive.receive() end ##### 
0:3:24.253555306 DEBUG (5): A Data Max package sent... True 
0:3:24.345703135 DEBUG (5): LostTaskTimer.fired()
0:3:24.375000010 DEBUG (2): SlotTimer.fired()
0:3:24.375000010 DEBUG (4): SlotTimer.fired()
0:3:24.375000010 DEBUG (7): SlotTimer.fired()
0:3:24.375000020 DEBUG (2): calculateData()
0:3:24.375000020 DEBUG (2): calculateData(): No Data Received!!!
0:3:24.375000020 DEBUG (2): calculateData(): Sending Measurement [23] to Parent 1 
0:3:24.375000020 DEBUG (2): calculateData(): DataMaxMsg enqueued in SendingMaxQueue successfully!!!
0:3:24.375000020 DEBUG (2): updateSensorValue(): New Measurement = 21
0:3:24.375000020 DEBUG (4): calculateData()
0:3:24.375000020 DEBUG (4): calculateData(): Data Received from 5: Value = 26
0:3:24.375000020 DEBUG (4): calculateData(): DataMaxMsg enqueued in SendingQueue successfully!!!
0:3:24.375000020 DEBUG (4): updateSensorValue(): New Measurement = 25
0:3:24.375000020 DEBUG (7): calculateData()
0:3:24.375000020 DEBUG (7): calculateData(): No Data Received!!!
0:3:24.375000020 DEBUG (7): calculateData(): Sending Measurement [47] to Parent 1 
0:3:24.375000020 DEBUG (7): calculateData(): DataMaxMsg enqueued in SendingMaxQueue successfully!!!
0:3:24.375000020 DEBUG (7): updateSensorValue(): New Measurement = 49
0:3:24.375000040 DEBUG (2): sendMaxDataTask(): Send returned success!!!
0:3:24.375000040 DEBUG (4): sendMaxDataTask(): Send returned success!!!
0:3:24.375000040 DEBUG (7): sendMaxDataTask(): Send returned success!!!
0:3:24.378616352 DEBUG (1): DataMax packet received!!!  from 4 
0:3:24.378616352 DEBUG (1): ### RoutingReceive.receive() end ##### 
0:3:24.378784198 DEBUG (4): A Data Max package sent... True 
0:3:24.381973266 DEBUG (1): DataMax packet received!!!  from 7 
0:3:24.381973266 DEBUG (1): ### RoutingReceive.receive() end ##### 
0:3:24.382141112 DEBUG (7): A Data Max package sent... True 
0:3:24.383804310 DEBUG (1): DataMax packet received!!!  from 2 
0:3:24.383804310 DEBUG (1): ### RoutingReceive.receive() end ##### 
0:3:24.383972155 DEBUG (2): A Data Max package sent... True 
0:3:24.472656260 DEBUG (2): LostTaskTimer.fired()
0:3:24.472656260 DEBUG (4): LostTaskTimer.fired()
0:3:24.472656260 DEBUG (7): LostTaskTimer.fired()
0:3:24.501953135 DEBUG (1): SlotTimer.fired()
0:3:24.501953145 DEBUG (1): calculateData()
0:3:24.501953145 DEBUG (1): calculateData(): Data Received from 4: Value = 26
0:3:24.501953145 DEBUG (1): calculateData(): Data Received from 7: Value = 47
0:3:24.501953145 DEBUG (1): calculateData(): Data Received from 2: Value = 23
0:3:24.501953145 DEBUG (1): calculateData(): DataMaxMsg enqueued in SendingQueue successfully!!!
0:3:24.501953145 DEBUG (1): updateSensorValue(): New Measurement = 24
0:3:24.501953165 DEBUG (1): sendMaxDataTask(): Send returned success!!!
0:3:24.509002684 DEBUG (0): DataMax packet received!!!  from 1 
0:3:24.509002684 DEBUG (0): ### RoutingReceive.receive() end ##### 
0:3:24.509170530 DEBUG (1): A Data Max package sent... True 
0:3:24.599609385 DEBUG (1): LostTaskTimer.fired()
0:3:24.628906260 DEBUG (0): SlotTimer.fired()
0:3:24.628906270 DEBUG (0): calculateData()
0:3:24.628906270 DEBUG (0): calculateData(): Data Received from 1: Value = 47
0:3:24.628906270 DEBUG (0): calculateData(): Sending Results to PC
0:3:24.628906270 DEBUG (0): 
	rootResults(): MAX = 47

0:3:24.628906270 DEBUG (0): updateSensorValue(): New Measurement = 33
0:3:25.312500010 DEBUG (0): Epoch: 5
0:3:25.312500010 DEBUG (1): Epoch: 5
0:3:25.312500010 DEBUG (2): Epoch: 5
0:3:25.312500010 DEBUG (4): Epoch: 5
0:3:25.312500010 DEBUG (5): Epoch: 5
0:3:25.312500010 DEBUG (7): Epoch: 5
0:4:3.310546885 DEBUG (5): SlotTimer.fired()
0:4:3.310546895 DEBUG (5): calculateData()
0:4:3.310546895 DEBUG (5): calculateData(): No Data Received!!!
0:4:3.310546895 DEBUG (5): calculateData(): Sending Measurement [33] to Parent 4 
0:4:3.310546895 DEBUG (5): calculateData(): DataMaxMsg enqueued in SendingMaxQueue successfully!!!
0:4:3.310546895 DEBUG (5): updateSensorValue(): New Measurement = 24
0:4:3.310546915 DEBUG (5): sendMaxDataTask(): Send returned success!!!
0:4:3.320312483 DEBUG (4): DataMax packet received!!!  from 5 
0:4:3.320312483 DEBUG (4): ### RoutingReceive.receive() end ##### 
0:4:3.320480329 DEBUG (5): A Data Max package sent... True 
0:4:3.408203135 DEBUG (5): LostTaskTimer.fired()
0:4:3.437500010 DEBUG (2): SlotTimer.fired()
0:4:3.437500010 DEBUG (4): SlotTimer.fired()
0:4:3.437500010 DEBUG (7): SlotTimer.fired()
0:4:3.437500020 DEBUG (2): calculateData()
0:4:3.437500020 DEBUG (2): calculateData(): No Data Received!!!
0:4:3.437500020 DEBUG (2): calculateData(): Sending Measurement [21] to Parent 1 
0:4:3.437500020 DEBUG (2): calculateData(): DataMaxMsg enqueued in SendingMaxQueue successfully!!!
0:4:3.437500020 DEBUG (2): updateSensorValue(): New Measurement = 26
0:4:3.437500020 DEBUG (4): calculateData()
0:4:3.437500020 DEBUG (4): calculateData(): Data Received from 5: Value = 33
0:4:3.437500020 DEBUG (4): calculateData(): DataMaxMsg enqueued in SendingQueue successfully!!!
0:4:3.437500020 DEBUG (4): updateSensorValue(): New Measurement = 24
0:4:3.437500020 DEBUG (7): calculateData()
0:4:3.437500020 DEBUG (7): calculateData(): No Data Received!!!
0:4:3.437500020 DEBUG (7): calculateData(): Sending Measurement [49] to Parent 1 
0:4:3.437500020 DEBUG (7): calculateData(): DataMaxMsg enqueued in SendingMaxQueue successfully!!!
0:4:3.437500020 DEBUG (7): updateSensorValue(): New Measurement = 42
0:4:3.437500040 DEBUG (2): sendMaxDataTask(): Send returned success!!!
0:4:3.437500040 DEBUG (4): sendMaxDataTask(): Send returned success!!!
0:4:3.437500040 DEBUG (7): sendMaxDataTask(): Send returned success!!!
0:4:3.440643332 DEBUG (4): A Data Max package sent... True 
0:4:3.440704367 DEBUG (2): A Data Max package sent... True 
0:4:3.442321789 DEBUG (1): DataMax packet received!!!  from 7 
0:4:3.442321789 DEBUG (1): ### RoutingReceive.receive() end ##### 
0:4:3.442489635 DEBUG (7): A Data Max package sent... True 
0:4:3.535156260 DEBUG (2): LostTaskTimer.fired()
0:4:3.535156260 DEBUG (4): LostTaskTimer.fired()
0:4:3.535156260 DEBUG (7): LostTaskTimer.fired()
0:4:3.564453135 DEBUG (1): SlotTimer.fired()
0:4:3.564453145 DEBUG (1): calculateData()
0:4:3.564453145 DEBUG (1): calculateData(): Data Received from 7: Value = 49
0:4:3.564453145 DEBUG (1): calculateData(): DataMaxMsg enqueued in SendingQueue successfully!!!
0:4:3.564453145 DEBUG (1): updateSensorValue(): New Measurement = 31
0:4:3.564453165 DEBUG (1): sendMaxDataTask(): Send returned success!!!
0:4:3.568801894 DEBUG (0): DataMax packet received!!!  from 1 
0:4:3.568801894 DEBUG (0): ### RoutingReceive.receive() end ##### 
0:4:3.568969740 DEBUG (1): A Data Max package sent... True 
0:4:3.662109385 DEBUG (1): LostTaskTimer.fired()
0:4:3.691406260 DEBUG (0): SlotTimer.fired()
0:4:3.691406270 DEBUG (0): calculateData()
0:4:3.691406270 DEBUG (0): calculateData(): Data Received from 1: Value = 49
0:4:3.691406270 DEBUG (0): calculateData(): Sending Results to PC
0:4:3.691406270 DEBUG (0): 
	rootResults(): MAX = 49

0:4:3.691406270 DEBUG (0): updateSensorValue(): New Measurement = 26
0:4:4.375000010 DEBUG (0): Epoch: 6
0:4:4.375000010 DEBUG (1): Epoch: 6
0:4:4.375000010 DEBUG (2): Epoch: 6
0:4:4.375000010 DEBUG (4): Epoch: 6
0:4:4.375000010 DEBUG (5): Epoch: 6
0:4:4.375000010 DEBUG (7): Epoch: 6
0:4:42.373046885 DEBUG (5): SlotTimer.fired()
0:4:42.373046895 DEBUG (5): calculateData()
0:4:42.373046895 DEBUG (5): calculateData(): No Data Received!!!
0:4:42.373046895 DEBUG (5): calculateData(): Sending Measurement [24] to Parent 4 
0:4:42.373046895 DEBUG (5): calculateData(): DataMaxMsg enqueued in SendingMaxQueue successfully!!!
0:4:42.373046895 DEBUG (5): updateSensorValue(): New Measurement = 25
0:4:42.373046915 DEBUG (5): sendMaxDataTask(): Send returned success!!!
0:4:42.380279539 DEBUG (4): DataMax packet received!!!  from 5 
0:4:42.380279539 DEBUG (4): ### RoutingReceive.receive() end ##### 
0:4:42.380447385 DEBUG (5): A Data Max package sent... True 
0:4:42.470703135 DEBUG (5): LostTaskTimer.fired()
0:4:42.500000010 DEBUG (2): SlotTimer.fired()
0:4:42.500000010 DEBUG (4): SlotTimer.fired()
0:4:42.500000010 DEBUG (7): SlotTimer.fired()
0:4:42.500000020 DEBUG (2): calculateData()
0:4:42.500000020 DEBUG (2): calculateData(): No Data Received!!!
0:4:42.500000020 DEBUG (2): calculateData(): Sending Measurement [26] to Parent 1 
0:4:42.500000020 DEBUG (2): calculateData(): DataMaxMsg enqueued in SendingMaxQueue successfully!!!
0:4:42.500000020 DEBUG (2): updateSensorValue(): New Measurement = 33
0:4:42.500000020 DEBUG (4): calculateData()
0:4:42.500000020 DEBUG (4): calculateData(): Data Received from 5: Value = 24
0:4:42.500000020 DEBUG (4): calculateData(): DataMaxMsg enqueued in SendingQueue successfully!!!
0:4:42.500000020 DEBUG (4): updateSensorValue(): New Measurement = 22
0:4:42.500000020 DEBUG (7): calculateData()
0:4:42.500000020 DEBUG (7): calculateData(): No Data Received!!!
0:4:42.500000020 DEBUG (7): calculateData(): Sending Measurement [42] to Parent 1 
0:4:42.500000020 DEBUG (7): calculateData(): DataMaxMsg enqueued in SendingMaxQueue successfully!!!
0:4:42.500000020 DEBUG (7): updateSensorValue(): New Measurement = 45
0:4:42.500000040 DEBUG (2): sendMaxDataTask(): Send returned success!!!
0:4:42.500000040 DEBUG (4): sendMaxDataTask(): Send returned success!!!
0:4:42.500000040 DEBUG (7): sendMaxDataTask(): Send returned success!!!
0:4:42.502014189 DEBUG (1): DataMax packet received!!!  from 7 
0:4:42.502014189 DEBUG (1): ### RoutingReceive.receive() end ##### 
0:4:42.502182034 DEBUG (7): A Data Max package sent... True 
0:4:42.510192852 DEBUG (4): A Data Max package sent... True 
0:4:42.510375956 DEBUG (2): A Data Max package sent... True 
0:4:42.597656260 DEBUG (2): LostTaskTimer.fired()
0:4:42.597656260 DEBUG (4): LostTaskTimer.fired()
0:4:42.597656260 DEBUG (7): LostTaskTimer.fired()
0:4:42.626953135 DEBUG (1): SlotTimer.fired()
0:4:42.626953145 DEBUG (1): calculateData()
0:4:42.626953145 DEBUG (1): calculateData(): Data Received from 7: Value = 42
0:4:42.626953145 DEBUG (1): calculateData(): DataMaxMsg enqueued in SendingQueue successfully!!!
0:4:42.626953145 DEBUG (1): updateSensorValue(): New Measurement = 38
0:4:42.626953165 DEBUG (1): sendMaxDataTask(): Send returned success!!!
0:4:42.634902947 DEBUG (0): DataMax packet received!!!  from 1 
0:4:42.634902947 DEBUG (0): ### RoutingReceive.receive() end ##### 
0:4:42.635070793 DEBUG (1): A Data Max package sent... True 
0:4:42.724609385 DEBUG (1): LostTaskTimer.fired()
0:4:42.753906260 DEBUG (0): SlotTimer.fired()
0:4:42.753906270 DEBUG (0): calculateData()
0:4:42.753906270 DEBUG (0): calculateData(): Data Received from 1: Value = 42
0:4:42.753906270 DEBUG (0): calculateData(): Sending Results to PC
0:4:42.753906270 DEBUG (0): 
	rootResults(): MAX = 42

0:4:42.753906270 DEBUG (0): updateSensorValue(): New Measurement = 20
0:4:43.437500010 DEBUG (0): Epoch: 7
0:4:43.437500010 DEBUG (1): Epoch: 7
0:4:43.437500010 DEBUG (2): Epoch: 7
0:4:43.437500010 DEBUG (4): Epoch: 7
0:4:43.437500010 DEBUG (5): Epoch: 7
0:4:43.437500010 DEBUG (7): Epoch: 7
0:5:21.435546885 DEBUG (5): SlotTimer.fired()
0:5:21.435546895 DEBUG (5): calculateData()
0:5:21.435546895 DEBUG (5): calculateData(): No Data Received!!!
0:5:21.435546895 DEBUG (5): calculateData(): Sending Measurement [25] to Parent 4 
0:5:21.435546895 DEBUG (5): calculateData(): DataMaxMsg enqueued in SendingMaxQueue successfully!!!
0:5:21.435546895 DEBUG (5): updateSensorValue(): New Measurement = 19
0:5:21.435546915 DEBUG (5): sendMaxDataTask(): Send returned success!!!
0:5:21.443191524 DEBUG (4): DataMax packet received!!!  from 5 
0:5:21.443191524 DEBUG (4): ### RoutingReceive.receive() end ##### 
0:5:21.443359369 DEBUG (5): A Data Max package sent... True 
0:5:21.533203135 DEBUG (5): LostTaskTimer.fired()
0:5:21.562500010 DEBUG (2): SlotTimer.fired()
0:5:21.562500010 DEBUG (4): SlotTimer.fired()
0:5:21.562500010 DEBUG (7): SlotTimer.fired()
0:5:21.562500020 DEBUG (2): calculateData()
0:5:21.562500020 DEBUG (2): calculateData(): No Data Received!!!
0:5:21.562500020 DEBUG (2): calculateData(): Sending Measurement [33] to Parent 1 
0:5:21.562500020 DEBUG (2): calculateData(): DataMaxMsg enqueued in SendingMaxQueue successfully!!!
0:5:21.562500020 DEBUG (2): updateSensorValue(): New Measurement = 29
0:5:21.562500020 DEBUG (4): calculateData()
0:5:21.562500020 DEBUG (4): calculateData(): Data Received from 5: Value = 25
0:5:21.562500020 DEBUG (4): calculateData(): DataMaxMsg enqueued in SendingQueue successfully!!!
0:5:21.562500020 DEBUG (4): updateSensorValue(): New Measurement = 18
0:5:21.562500020 DEBUG (7): calculateData()
0:5:21.562500020 DEBUG (7): calculateData(): No Data Received!!!
0:5:21.562500020 DEBUG (7): calculateData(): Sending Measurement [45] to Parent 1 
0:5:21.562500020 DEBUG (7): calculateData(): DataMaxMsg enqueued in SendingMaxQueue successfully!!!
0:5:21.562500020 DEBUG (7): updateSensorValue(): New Measurement = 47
0:5:21.562500040 DEBUG (2): sendMaxDataTask(): Send returned success!!!
0:5:21.562500040 DEBUG (4): sendMaxDataTask(): Send returned success!!!
0:5:21.562500040 DEBUG (7): sendMaxDataTask(): Send returned success!!!
0:5:21.565551780 DEBUG (2): A Data Max package sent... True 
0:5:21.568008431 DEBUG (1): DataMax packet received!!!  from 7 
0:5:21.568008431 DEBUG (1): ### RoutingReceive.receive() end ##### 
0:5:21.568176277 DEBUG (7): A Data Max package sent... True 
0:5:21.569229127 DEBUG (1): DataMax packet received!!!  from 4 
0:5:21.569229127 DEBUG (1): ### RoutingReceive.receive() end ##### 
0:5:21.569396972 DEBUG (4): A Data Max package sent... True 
0:5:21.660156260 DEBUG (2): LostTaskTimer.fired()
0:5:21.660156260 DEBUG (4): LostTaskTimer.fired()
0:5:21.660156260 DEBUG (7): LostTaskTimer.fired()
0:5:21.689453135 DEBUG (1): SlotTimer.fired()
0:5:21.689453145 DEBUG (1): calculateData()
0:5:21.689453145 DEBUG (1): calculateData(): Data Received from 7: Value = 45
0:5:21.689453145 DEBUG (1): calculateData(): Data Received from 4: Value = 25
0:5:21.689453145 DEBUG (1): calculateData(): DataMaxMsg enqueued in SendingQueue successfully!!!
0:5:21.689453145 DEBUG (1): updateSensorValue(): New Measurement = 43
0:5:21.689453165 DEBUG (1): sendMaxDataTask(): Send returned success!!!
0:5:21.695449834 DEBUG (0): DataMax packet received!!!  from 1 
0:5:21.695449834 DEBUG (0): ### RoutingReceive.receive() end ##### 
0:5:21.695617679 DEBUG (1): A Data Max package sent... True 
0:5:21.787109385 DEBUG (1): LostTaskTimer.fired()
0:5:21.816406260 DEBUG (0): SlotTimer.fired()
0:5:21.816406270 DEBUG (0): calculateData()
0:5:21.816406270 DEBUG (0): calculateData(): Data Received from 1: Value = 45
0:5:21.816406270 DEBUG (0): calculateData(): Sending Results to PC
0:5:21.816406270 DEBUG (0): 
	rootResults(): MAX = 45

0:5:21.816406270 DEBUG (0): updateSensorValue(): New Measurement = 20
0:5:22.500000010 DEBUG (0): Epoch: 8
0:5:22.500000010 DEBUG (1): Epoch: 8
0:5:22.500000010 DEBUG (2): Epoch: 8
0:5:22.500000010 DEBUG (4): Epoch: 8
0:5:22.500000010 DEBUG (5): Epoch: 8
0:5:22.500000010 DEBUG (7): Epoch: 8
0:6:0.498046885 DEBUG (5): SlotTimer.fired()
0:6:0.498046895 DEBUG (5): calculateData()
0:6:0.498046895 DEBUG (5): calculateData(): No Data Received!!!
0:6:0.498046895 DEBUG (5): calculateData(): Sending Measurement [19] to Parent 4 
0:6:0.498046895 DEBUG (5): calculateData(): DataMaxMsg enqueued in SendingMaxQueue successfully!!!
0:6:0.498046895 DEBUG (5): updateSensorValue(): New Measurement = 19
0:6:0.498046915 DEBUG (5): sendMaxDataTask(): Send returned success!!!
0:6:0.502471938 DEBUG (4): DataMax packet received!!!  from 5 
0:6:0.502471938 DEBUG (4): ### RoutingReceive.receive() end ##### 
0:6:0.502639784 DEBUG (5): A Data Max package sent... True 
0:6:0.595703135 DEBUG (5): LostTaskTimer.fired()
0:6:0.625000010 DEBUG (2): SlotTimer.fired()
0:6:0.625000010 DEBUG (4): SlotTimer.fired()
0:6:0.625000010 DEBUG (7): SlotTimer.fired()
0:6:0.625000020 DEBUG (2): calculateData()
0:6:0.625000020 DEBUG (2): calculateData(): No Data Received!!!
0:6:0.625000020 DEBUG (2): calculateData(): Sending Measurement [29] to Parent 1 
0:6:0.625000020 DEBUG (2): calculateData(): DataMaxMsg enqueued in SendingMaxQueue successfully!!!
0:6:0.625000020 DEBUG (2): updateSensorValue(): New Measurement = 26
0:6:0.625000020 DEBUG (4): calculateData()
0:6:0.625000020 DEBUG (4): calculateData(): Data Received from 5: Value = 19
0:6:0.625000020 DEBUG (4): calculateData(): DataMaxMsg enqueued in SendingQueue successfully!!!
0:6:0.625000020 DEBUG (4): updateSensorValue(): New Measurement = 17
0:6:0.625000020 DEBUG (7): calculateData()
0:6:0.625000020 DEBUG (7): calculateData(): No Data Received!!!
0:6:0.625000020 DEBUG (7): calculateData(): Sending Measurement [47] to Parent 1 
0:6:0.625000020 DEBUG (7): calculateData(): DataMaxMsg enqueued in SendingMaxQueue successfully!!!
0:6:0.625000020 DEBUG (7): updateSensorValue(): New Measurement = 42
0:6:0.625000040 DEBUG (2): sendMaxDataTask(): Send returned success!!!
0:6:0.625000040 DEBUG (4): sendMaxDataTask(): Send returned success!!!
0:6:0.625000040 DEBUG (7): sendMaxDataTask(): Send returned success!!!
0:6:0.627853417 DEBUG (1): DataMax packet received!!!  from 7 
0:6:0.627853417 DEBUG (1): ### RoutingReceive.receive() end ##### 
0:6:0.628021263 DEBUG (7): A Data Max package sent... True 
0:6:0.633193962 DEBUG (1): DataMax packet received!!!  from 2 
0:6:0.633193962 DEBUG (1): ### RoutingReceive.receive() end ##### 
0:6:0.633361807 DEBUG (2): A Data Max package sent... True 
0:6:0.634262071 DEBUG (1): DataMax packet received!!!  from 4 
0:6:0.634262071 DEBUG (1): ### RoutingReceive.receive() end ##### 
0:6:0.634429917 DEBUG (4): A Data Max package sent... True 
0:6:0.722656260 DEBUG (2): LostTaskTimer.fired()
0:6:0.722656260 DEBUG (4): LostTaskTimer.fired()
0:6:0.722656260 DEBUG (7): LostTaskTimer.fired()
0:6:0.751953135 DEBUG (1): SlotTimer.fired()
0:6:0.751953145 DEBUG (1): calculateData()
0:6:0.751953145 DEBUG (1): calculateData(): Data Received from 7: Value = 47
0:6:0.751953145 DEBUG (1): calculateData(): Data Received from 2: Value = 29
0:6:0.751953145 DEBUG (1): calculateData(): Data Received from 4: Value = 19
0:6:0.751953145 DEBUG (1): calculateData(): DataMaxMsg enqueued in SendingQueue successfully!!!
0:6:0.751953145 DEBUG (1): updateSensorValue(): New Measurement = 35
0:6:0.751953165 DEBUG (1): sendMaxDataTask(): Send returned success!!!
0:6:0.756652844 DEBUG (0): DataMax packet received!!!  from 1 
0:6:0.756652844 DEBUG (0): ### RoutingReceive.receive() end ##### 
0:6:0.756820690 DEBUG (1): A Data Max package sent... True 
0:6:0.849609385 DEBUG (1): LostTaskTimer.fired()
0:6:0.878906260 DEBUG (0): SlotTimer.fired()
0:6:0.878906270 DEBUG (0): calculateData()
0:6:0.878906270 DEBUG (0): calculateData(): Data Received from 1: Value = 47
0:6:0.878906270 DEBUG (0): calculateData(): Sending Results to PC
0:6:0.878906270 DEBUG (0): 
	rootResults(): MAX = 47

0:6:0.878906270 DEBUG (0): updateSensorValue(): New Measurement = 25
0:6:1.562500010 DEBUG (0): Epoch: 9
0:6:1.562500010 DEBUG (1): Epoch: 9
0:6:1.562500010 DEBUG (2): Epoch: 9
0:6:1.562500010 DEBUG (4): Epoch: 9
0:6:1.562500010 DEBUG (5): Epoch: 9
0:6:1.562500010 DEBUG (7): Epoch: 9
0:6:39.560546885 DEBUG (5): SlotTimer.fired()
0:6:39.560546895 DEBUG (5): calculateData()
0:6:39.560546895 DEBUG (5): calculateData(): No Data Received!!!
0:6:39.560546895 DEBUG (5): calculateData(): Sending Measurement [19] to Parent 4 
0:6:39.560546895 DEBUG (5): calculateData(): DataMaxMsg enqueued in SendingMaxQueue successfully!!!
0:6:39.560546895 DEBUG (5): updateSensorValue(): New Measurement = 20
0:6:39.560546915 DEBUG (5): sendMaxDataTask(): Send returned success!!!
0:6:39.568786613 DEBUG (4): DataMax packet received!!!  from 5 
0:6:39.568786613 DEBUG (4): ### RoutingReceive.receive() end ##### 
0:6:39.568954459 DEBUG (5): A Data Max package sent... True 
0:6:39.658203135 DEBUG (5): LostTaskTimer.fired()
0:6:39.687500010 DEBUG (2): SlotTimer.fired()
0:6:39.687500010 DEBUG (4): SlotTimer.fired()
0:6:39.687500010 DEBUG (7): SlotTimer.fired()
0:6:39.687500020 DEBUG (2): calculateData()
0:6:39.687500020 DEBUG (2): calculateData(): No Data Received!!!
0:6:39.687500020 DEBUG (2): calculateData(): Sending Measurement [26] to Parent 1 
0:6:39.687500020 DEBUG (2): calculateData(): DataMaxMsg enqueued in SendingMaxQueue successfully!!!
0:6:39.687500020 DEBUG (2): updateSensorValue(): New Measurement = 24
0:6:39.687500020 DEBUG (4): calculateData()
0:6:39.687500020 DEBUG (4): calculateData(): Data Received from 5: Value = 19
0:6:39.687500020 DEBUG (4): calculateData(): DataMaxMsg enqueued in SendingQueue successfully!!!
0:6:39.687500020 DEBUG (4): updateSensorValue(): New Measurement = 22
0:6:39.687500020 DEBUG (7): calculateData()
0:6:39.687500020 DEBUG (7): calculateData(): No Data Received!!!
0:6:39.687500020 DEBUG (7): calculateData(): Sending Measurement [42] to Parent 1 
0:6:39.687500020 DEBUG (7): calculateData(): DataMaxMsg enqueued in SendingMaxQueue successfully!!!
0:6:39.687500020 DEBUG (7): updateSensorValue(): New Measurement = 48
0:6:39.687500040 DEBUG (2): sendMaxDataTask(): Send returned success!!!
0:6:39.687500040 DEBUG (4): sendMaxDataTask(): Send returned success!!!
0:6:39.687500040 DEBUG (7): sendMaxDataTask(): Send returned success!!!
0:6:39.693389898 DEBUG (2): A Data Max package sent... True 
0:6:39.693984988 DEBUG (7): A Data Max package sent... True 
0:6:39.696273792 DEBUG (1): DataMax packet received!!!  from 4 
0:6:39.696273792 DEBUG (1): ### RoutingReceive.receive() end ##### 
0:6:39.696441638 DEBUG (4): A Data Max package sent... True 
0:6:39.785156260 DEBUG (2): LostTaskTimer.fired()
0:6:39.785156260 DEBUG (4): LostTaskTimer.fired()
0:6:39.785156260 DEBUG (7): LostTaskTimer.fired()
0:6:39.814453135 DEBUG (1): SlotTimer.fired()
0:6:39.814453145 DEBUG (1): calculateData()
0:6:39.814453145 DEBUG (1): calculateData(): Data Received from 4: Value = 19
0:6:39.814453145 DEBUG (1): calculateData(): DataMaxMsg enqueued in SendingQueue successfully!!!
0:6:39.814453145 DEBUG (1): updateSensorValue(): New Measurement = 35
0:6:39.814453165 DEBUG (1): sendMaxDataTask(): Send returned success!!!
0:6:39.821975704 DEBUG (0): DataMax packet received!!!  from 1 
0:6:39.821975704 DEBUG (0): ### RoutingReceive.receive() end ##### 
0:6:39.822143549 DEBUG (1): A Data Max package sent... True 
0:6:39.912109385 DEBUG (1): LostTaskTimer.fired()
0:6:39.941406260 DEBUG (0): SlotTimer.fired()
0:6:39.941406270 DEBUG (0): calculateData()
0:6:39.941406270 DEBUG (0): calculateData(): Data Received from 1: Value = 35
0:6:39.941406270 DEBUG (0): calculateData(): Sending Results to PC
0:6:39.941406270 DEBUG (0): 
	rootResults(): MAX = 35

0:6:39.941406270 DEBUG (0): updateSensorValue(): New Measurement = 20
0:6:40.625000010 DEBUG (0): Epoch: 10
0:6:40.625000010 DEBUG (1): Epoch: 10
0:6:40.625000010 DEBUG (2): Epoch: 10
0:6:40.625000010 DEBUG (4): Epoch: 10
0:6:40.625000010 DEBUG (5): Epoch: 10
0:6:40.625000010 DEBUG (7): Epoch: 10
0:7:18.623046885 DEBUG (5): SlotTimer.fired()
0:7:18.623046895 DEBUG (5): calculateData()
0:7:18.623046895 DEBUG (5): calculateData(): No Data Received!!!
0:7:18.623046895 DEBUG (5): calculateData(): Sending Measurement [20] to Parent 4 
0:7:18.623046895 DEBUG (5): calculateData(): DataMaxMsg enqueued in SendingMaxQueue successfully!!!
0:7:18.623046895 DEBUG (5): updateSensorValue(): New Measurement = 26
0:7:18.623046915 DEBUG (5): sendMaxDataTask(): Send returned success!!!
0:7:18.625442531 DEBUG (4): DataMax packet received!!!  from 5 
0:7:18.625442531 DEBUG (4): ### RoutingReceive.receive() end ##### 
0:7:18.625610377 DEBUG (5): A Data Max package sent... True 
0:7:18.720703135 DEBUG (5): LostTaskTimer.fired()
0:7:18.750000010 DEBUG (2): SlotTimer.fired()
0:7:18.750000010 DEBUG (4): SlotTimer.fired()
0:7:18.750000010 DEBUG (7): SlotTimer.fired()
0:7:18.750000020 DEBUG (2): calculateData()
0:7:18.750000020 DEBUG (2): calculateData(): No Data Received!!!
0:7:18.750000020 DEBUG (2): calculateData(): Sending Measurement [24] to Parent 1 
0:7:18.750000020 DEBUG (2): calculateData(): DataMaxMsg enqueued in SendingMaxQueue successfully!!!
0:7:18.750000020 DEBUG (2): updateSensorValue(): New Measurement = 17
0:7:18.750000020 DEBUG (4): calculateData()
0:7:18.750000020 DEBUG (4): calculateData(): Data Received from 5: Value = 20
0:7:18.750000020 DEBUG (4): calculateData(): DataMaxMsg enqueued in SendingQueue successfully!!!
0:7:18.750000020 DEBUG (4): updateSensorValue(): New Measurement = 16
0:7:18.750000020 DEBUG (7): calculateData()
0:7:18.750000020 DEBUG (7): calculateData(): No Data Received!!!
0:7:18.750000020 DEBUG (7): calculateData(): Sending Measurement [48] to Parent 1 
0:7:18.750000020 DEBUG (7): calculateData(): DataMaxMsg enqueued in SendingMaxQueue successfully!!!
0:7:18.750000020 DEBUG (7): updateSensorValue(): New Measurement = 47
0:7:18.750000040 DEBUG (2): sendMaxDataTask(): Send returned success!!!
0:7:18.750000040 DEBUG (4): sendMaxDataTask(): Send returned success!!!
0:7:18.750000040 DEBUG (7): sendMaxDataTask(): Send returned success!!!
0:7:18.756134038 DEBUG (7): A Data Max package sent... True 
0:7:18.756591798 DEBUG (4): A Data Max package sent... True 
0:7:18.757919305 DEBUG (1): DataMax packet received!!!  from 2 
0:7:18.757919305 DEBUG (1): ### RoutingReceive.receive() end ##### 
0:7:18.758087151 DEBUG (2): A Data Max package sent... True 
0:7:18.847656260 DEBUG (2): LostTaskTimer.fired()
0:7:18.847656260 DEBUG (4): LostTaskTimer.fired()
0:7:18.847656260 DEBUG (7): LostTaskTimer.fired()
0:7:18.876953135 DEBUG (1): SlotTimer.fired()
0:7:18.876953145 DEBUG (1): calculateData()
0:7:18.876953145 DEBUG (1): calculateData(): Data Received from 2: Value = 24
0:7:18.876953145 DEBUG (1): calculateData(): DataMaxMsg enqueued in SendingQueue successfully!!!
0:7:18.876953145 DEBUG (1): updateSensorValue(): New Measurement = 42
0:7:18.876953165 DEBUG (1): sendMaxDataTask(): Send returned success!!!
0:7:18.887298563 DEBUG (0): DataMax packet received!!!  from 1 
0:7:18.887298563 DEBUG (0): ### RoutingReceive.receive() end ##### 
0:7:18.887466409 DEBUG (1): A Data Max package sent... True 
0:7:18.974609385 DEBUG (1): LostTaskTimer.fired()
0:7:19.003906260 DEBUG (0): SlotTimer.fired()
0:7:19.003906270 DEBUG (0): calculateData()
0:7:19.003906270 DEBUG (0): calculateData(): Data Received from 1: Value = 35
0:7:19.003906270 DEBUG (0): calculateData(): Sending Results to PC
0:7:19.003906270 DEBUG (0): 
	rootResults(): MAX = 35

0:7:19.003906270 DEBUG (0): updateSensorValue(): New Measurement = 19
0:7:19.687500010 DEBUG (0): Epoch: 11
0:7:19.687500010 DEBUG (1): Epoch: 11
0:7:19.687500010 DEBUG (2): Epoch: 11
0:7:19.687500010 DEBUG (4): Epoch: 11
0:7:19.687500010 DEBUG (5): Epoch: 11
0:7:19.687500010 DEBUG (7): Epoch: 11
0:7:57.685546885 DEBUG (5): SlotTimer.fired()
0:7:57.685546895 DEBUG (5): calculateData()
0:7:57.685546895 DEBUG (5): calculateData(): No Data Received!!!
0:7:57.685546895 DEBUG (5): calculateData(): Sending Measurement [26] to Parent 4 
0:7:57.685546895 DEBUG (5): calculateData(): DataMaxMsg enqueued in SendingMaxQueue successfully!!!
0:7:57.685546895 DEBUG (5): updateSensorValue(): New Measurement = 33
0:7:57.685546915 DEBUG (5): sendMaxDataTask(): Send returned success!!!
0:7:57.695007309 DEBUG (4): DataMax packet received!!!  from 5 
0:7:57.695007309 DEBUG (4): ### RoutingReceive.receive() end ##### 
0:7:57.695175155 DEBUG (5): A Data Max package sent... True 
0:7:57.783203135 DEBUG (5): LostTaskTimer.fired()
0:7:57.812500010 DEBUG (2): SlotTimer.fired()
0:7:57.812500010 DEBUG (4): SlotTimer.fired()
0:7:57.812500010 DEBUG (7): SlotTimer.fired()
0:7:57.812500020 DEBUG (2): calculateData()
0:7:57.812500020 DEBUG (2): calculateData(): No Data Received!!!
0:7:57.812500020 DEBUG (2): calculateData(): Sending Measurement [17] to Parent 1 
0:7:57.812500020 DEBUG (2): calculateData(): DataMaxMsg enqueued in SendingMaxQueue successfully!!!
0:7:57.812500020 DEBUG (2): updateSensorValue(): New Measurement = 14
0:7:57.812500020 DEBUG (4): calculateData()
0:7:57.812500020 DEBUG (4): calculateData(): Data Received from 5: Value = 26
0:7:57.812500020 DEBUG (4): calculateData(): DataMaxMsg enqueued in SendingQueue successfully!!!
0:7:57.812500020 DEBUG (4): updateSensorValue(): New Measurement = 18
0:7:57.812500020 DEBUG (7): calculateData()
0:7:57.812500020 DEBUG (7): calculateData(): No Data Received!!!
0:7:57.812500020 DEBUG (7): calculateData(): Sending Measurement [47] to Parent 1 
0:7:57.812500020 DEBUG (7): calculateData(): DataMaxMsg enqueued in SendingMaxQueue successfully!!!
0:7:57.812500020 DEBUG (7): updateSensorValue(): New Measurement = 47
0:7:57.812500040 DEBUG (2): sendMaxDataTask(): Send returned success!!!
0:7:57.812500040 DEBUG (4): sendMaxDataTask(): Send returned success!!!
0:7:57.812500040 DEBUG (7): sendMaxDataTask(): Send returned success!!!
0:7:57.814147979 DEBUG (1): DataMax packet received!!!  from 2 
0:7:57.814147979 DEBUG (1): ### RoutingReceive.receive() end ##### 
0:7:57.814315825 DEBUG (2): A Data Max package sent... True 
0:7:57.822311384 DEBUG (7): A Data Max package sent... True 
0:7:57.822860697 DEBUG (4): A Data Max package sent... True 
0:7:57.910156260 DEBUG (2): LostTaskTimer.fired()
0:7:57.910156260 DEBUG (4): LostTaskTimer.fired()
0:7:57.910156260 DEBUG (7): LostTaskTimer.fired()
0:7:57.939453135 DEBUG (1): SlotTimer.fired()
0:7:57.939453145 DEBUG (1): calculateData()
0:7:57.939453145 DEBUG (1): calculateData(): Data Received from 2: Value = 17
0:7:57.939453145 DEBUG (1): calculateData(): DataMaxMsg enqueued in SendingQueue successfully!!!
0:7:57.939453145 DEBUG (1): updateSensorValue(): New Measurement = 37
0:7:57.939453165 DEBUG (1): sendMaxDataTask(): Send returned success!!!
0:7:57.947051997 DEBUG (0): DataMax packet received!!!  from 1 
0:7:57.947051997 DEBUG (0): ### RoutingReceive.receive() end ##### 
0:7:57.947219843 DEBUG (1): A Data Max package sent... True 
0:7:58.037109385 DEBUG (1): LostTaskTimer.fired()
0:7:58.066406260 DEBUG (0): SlotTimer.fired()
0:7:58.066406270 DEBUG (0): calculateData()
0:7:58.066406270 DEBUG (0): calculateData(): Data Received from 1: Value = 42
0:7:58.066406270 DEBUG (0): calculateData(): Sending Results to PC
0:7:58.066406270 DEBUG (0): 
	rootResults(): MAX = 42

0:7:58.066406270 DEBUG (0): updateSensorValue(): New Measurement = 15
0:7:58.750000010 DEBUG (0): Epoch: 12
0:7:58.750000010 DEBUG (1): Epoch: 12
0:7:58.750000010 DEBUG (2): Epoch: 12
0:7:58.750000010 DEBUG (4): Epoch: 12
0:7:58.750000010 DEBUG (5): Epoch: 12
0:7:58.750000010 DEBUG (7): Epoch: 12
0:8:36.748046885 DEBUG (5): SlotTimer.fired()
0:8:36.748046895 DEBUG (5): calculateData()
0:8:36.748046895 DEBUG (5): calculateData(): No Data Received!!!
0:8:36.748046895 DEBUG (5): calculateData(): Sending Measurement [33] to Parent 4 
0:8:36.748046895 DEBUG (5): calculateData(): DataMaxMsg enqueued in SendingMaxQueue successfully!!!
0:8:36.748046895 DEBUG (5): updateSensorValue(): New Measurement = 34
0:8:36.748046915 DEBUG (5): sendMaxDataTask(): Send returned success!!!
0:8:36.752578749 DEBUG (4): DataMax packet received!!!  from 5 
0:8:36.752578749 DEBUG (4): ### RoutingReceive.receive() end ##### 
0:8:36.752746595 DEBUG (5): A Data Max package sent... True 
0:8:36.845703135 DEBUG (5): LostTaskTimer.fired()
0:8:36.875000010 DEBUG (2): SlotTimer.fired()
0:8:36.875000010 DEBUG (4): SlotTimer.fired()
0:8:36.875000010 DEBUG (7): SlotTimer.fired()
0:8:36.875000020 DEBUG (2): calculateData()
0:8:36.875000020 DEBUG (2): calculateData(): No Data Received!!!
0:8:36.875000020 DEBUG (2): calculateData(): Sending Measurement [14] to Parent 1 
0:8:36.875000020 DEBUG (2): calculateData(): DataMaxMsg enqueued in SendingMaxQueue successfully!!!
0:8:36.875000020 DEBUG (2): updateSensorValue(): New Measurement = 18
0:8:36.875000020 DEBUG (4): calculateData()
0:8:36.875000020 DEBUG (4): calculateData(): Data Received from 5: Value = 33
0:8:36.875000020 DEBUG (4): calculateData(): DataMaxMsg enqueued in SendingQueue successfully!!!
0:8:36.875000020 DEBUG (4): updateSensorValue(): New Measurement = 16
0:8:36.875000020 DEBUG (7): calculateData()
0:8:36.875000020 DEBUG (7): calculateData(): No Data Received!!!
0:8:36.875000020 DEBUG (7): calculateData(): Sending Measurement [47] to Parent 1 
0:8:36.875000020 DEBUG (7): calculateData(): DataMaxMsg enqueued in SendingMaxQueue successfully!!!
0:8:36.875000020 DEBUG (7): updateSensorValue(): New Measurement = 45
0:8:36.875000040 DEBUG (2): sendMaxDataTask(): Send returned success!!!
0:8:36.875000040 DEBUG (4): sendMaxDataTask(): Send returned success!!!
0:8:36.875000040 DEBUG (7): sendMaxDataTask(): Send returned success!!!
0:8:36.882720942 DEBUG (1): DataMax packet received!!!  from 7 
0:8:36.882720942 DEBUG (1): ### RoutingReceive.receive() end ##### 
0:8:36.882888788 DEBUG (7): A Data Max package sent... True 
0:8:36.884429916 DEBUG (1): DataMax packet received!!!  from 2 
0:8:36.884429916 DEBUG (1): ### RoutingReceive.receive() end ##### 
0:8:36.884597762 DEBUG (2): A Data Max package sent... True 
0:8:36.885482767 DEBUG (1): DataMax packet received!!!  from 4 
0:8:36.885482767 DEBUG (1): ### RoutingReceive.receive() end ##### 
0:8:36.885650613 DEBUG (4): A Data Max package sent... True 
0:8:36.972656260 DEBUG (2): LostTaskTimer.fired()
0:8:36.972656260 DEBUG (4): LostTaskTimer.fired()
0:8:36.972656260 DEBUG (7): LostTaskTimer.fired()
0:8:37.001953135 DEBUG (1): SlotTimer.fired()
0:8:37.001953145 DEBUG (1): calculateData()
0:8:37.001953145 DEBUG (1): calculateData(): Data Received from 7: Value = 47
0:8:37.001953145 DEBUG (1): calculateData(): Data Received from 2: Value = 14
0:8:37.001953145 DEBUG (1): calculateData(): Data Received from 4: Value = 33
0:8:37.001953145 DEBUG (1): calculateData(): DataMaxMsg enqueued in SendingQueue successfully!!!
0:8:37.001953145 DEBUG (1): updateSensorValue(): New Measurement = 44
0:8:37.001953165 DEBUG (1): sendMaxDataTask(): Send returned success!!!
0:8:37.012374857 DEBUG (0): DataMax packet received!!!  from 1 
0:8:37.012374857 DEBUG (0): ### RoutingReceive.receive() end ##### 
0:8:37.012542702 DEBUG (1): A Data Max package sent... True 
0:8:37.099609385 DEBUG (1): LostTaskTimer.fired()
0:8:37.128906260 DEBUG (0): SlotTimer.fired()
0:8:37.128906270 DEBUG (0): calculateData()
0:8:37.128906270 DEBUG (0): calculateData(): Data Received from 1: Value = 47
0:8:37.128906270 DEBUG (0): calculateData(): Sending Results to PC
0:8:37.128906270 DEBUG (0): 
	rootResults(): MAX = 47

0:8:37.128906270 DEBUG (0): updateSensorValue(): New Measurement = 13
0:8:37.812500010 DEBUG (0): Epoch: 13
0:8:37.812500010 DEBUG (1): Epoch: 13
0:8:37.812500010 DEBUG (2): Epoch: 13
0:8:37.812500010 DEBUG (4): Epoch: 13
0:8:37.812500010 DEBUG (5): Epoch: 13
0:8:37.812500010 DEBUG (7): Epoch: 13
0:9:15.810546885 DEBUG (5): SlotTimer.fired()
0:9:15.810546895 DEBUG (5): calculateData()
0:9:15.810546895 DEBUG (5): calculateData(): No Data Received!!!
0:9:15.810546895 DEBUG (5): calculateData(): Sending Measurement [34] to Parent 4 
0:9:15.810546895 DEBUG (5): calculateData(): DataMaxMsg enqueued in SendingMaxQueue successfully!!!
0:9:15.810546895 DEBUG (5): updateSensorValue(): New Measurement = 32
0:9:15.810546915 DEBUG (5): sendMaxDataTask(): Send returned success!!!
0:9:15.813629172 DEBUG (4): DataMax packet received!!!  from 5 
0:9:15.813629172 DEBUG (4): ### RoutingReceive.receive() end ##### 
0:9:15.813797018 DEBUG (5): A Data Max package sent... True 
0:9:15.908203135 DEBUG (5): LostTaskTimer.fired()
0:9:15.937500010 DEBUG (2): SlotTimer.fired()
0:9:15.937500010 DEBUG (4): SlotTimer.fired()
0:9:15.937500010 DEBUG (7): SlotTimer.fired()
0:9:15.937500020 DEBUG (2): calculateData()
0:9:15.937500020 DEBUG (2): calculateData(): No Data Received!!!
0:9:15.937500020 DEBUG (2): calculateData(): Sending Measurement [18] to Parent 1 
0:9:15.937500020 DEBUG (2): calculateData(): DataMaxMsg enqueued in SendingMaxQueue successfully!!!
0:9:15.937500020 DEBUG (2): updateSensorValue(): New Measurement = 20
0:9:15.937500020 DEBUG (4): calculateData()
0:9:15.937500020 DEBUG (4): calculateData(): Data Received from 5: Value = 34
0:9:15.937500020 DEBUG (4): calculateData(): DataMaxMsg enqueued in SendingQueue successfully!!!
0:9:15.937500020 DEBUG (4): updateSensorValue(): New Measurement = 18
0:9:15.937500020 DEBUG (7): calculateData()
0:9:15.937500020 DEBUG (7): calculateData(): No Data Received!!!
0:9:15.937500020 DEBUG (7): calculateData(): Sending Measurement [45] to Parent 1 
0:9:15.937500020 DEBUG (7): calculateData(): DataMaxMsg enqueued in SendingMaxQueue successfully!!!
0:9:15.937500020 DEBUG (7): updateSensorValue(): New Measurement = 50
0:9:15.937500040 DEBUG (2): sendMaxDataTask(): Send returned success!!!
0:9:15.937500040 DEBUG (4): sendMaxDataTask(): Send returned success!!!
0:9:15.937500040 DEBUG (7): sendMaxDataTask(): Send returned success!!!
0:9:15.939254791 DEBUG (1): DataMax packet received!!!  from 7 
0:9:15.939254791 DEBUG (1): ### RoutingReceive.receive() end ##### 
0:9:15.939422636 DEBUG (7): A Data Max package sent... True 
0:9:15.942169202 DEBUG (1): DataMax packet received!!!  from 4 
0:9:15.942169202 DEBUG (1): ### RoutingReceive.receive() end ##### 
0:9:15.942337048 DEBUG (4): A Data Max package sent... True 
0:9:15.944595335 DEBUG (1): DataMax packet received!!!  from 2 
0:9:15.944595335 DEBUG (1): ### RoutingReceive.receive() end ##### 
0:9:15.944763181 DEBUG (2): A Data Max package sent... True 
0:9:16.035156260 DEBUG (2): LostTaskTimer.fired()
0:9:16.035156260 DEBUG (4): LostTaskTimer.fired()
0:9:16.035156260 DEBUG (7): LostTaskTimer.fired()
0:9:16.064453135 DEBUG (1): SlotTimer.fired()
0:9:16.064453145 DEBUG (1): calculateData()
0:9:16.064453145 DEBUG (1): calculateData(): Data Received from 7: Value = 45
0:9:16.064453145 DEBUG (1): calculateData(): Data Received from 4: Value = 34
0:9:16.064453145 DEBUG (1): calculateData(): Data Received from 2: Value = 18
0:9:16.064453145 DEBUG (1): calculateData(): DataMaxMsg enqueued in SendingQueue successfully!!!
0:9:16.064453145 DEBUG (1): updateSensorValue(): New Measurement = 47
0:9:16.064453165 DEBUG (1): sendMaxDataTask(): Send returned success!!!
0:9:16.068450944 DEBUG (0): DataMax packet received!!!  from 1 
0:9:16.068450944 DEBUG (0): ### RoutingReceive.receive() end ##### 
0:9:16.068618790 DEBUG (1): A Data Max package sent... True 
0:9:16.162109385 DEBUG (1): LostTaskTimer.fired()
0:9:16.191406260 DEBUG (0): SlotTimer.fired()
0:9:16.191406270 DEBUG (0): calculateData()
0:9:16.191406270 DEBUG (0): calculateData(): Data Received from 1: Value = 45
0:9:16.191406270 DEBUG (0): calculateData(): Sending Results to PC
0:9:16.191406270 DEBUG (0): 
	rootResults(): MAX = 45

0:9:16.191406270 DEBUG (0): updateSensorValue(): New Measurement = 10
0:9:16.875000010 DEBUG (0): Epoch: 14
0:9:16.875000010 DEBUG (1): Epoch: 14
0:9:16.875000010 DEBUG (2): Epoch: 14
0:9:16.875000010 DEBUG (4): Epoch: 14
0:9:16.875000010 DEBUG (5): Epoch: 14
0:9:16.875000010 DEBUG (7): Epoch: 14
0:9:54.873046885 DEBUG (5): SlotTimer.fired()
0:9:54.873046895 DEBUG (5): calculateData()
0:9:54.873046895 DEBUG (5): calculateData(): No Data Received!!!
0:9:54.873046895 DEBUG (5): calculateData(): Sending Measurement [32] to Parent 4 
0:9:54.873046895 DEBUG (5): calculateData(): DataMaxMsg enqueued in SendingMaxQueue successfully!!!
0:9:54.873046895 DEBUG (5): updateSensorValue(): New Measurement = 41
0:9:54.873046915 DEBUG (5): sendMaxDataTask(): Send returned success!!!
0:9:54.882003772 DEBUG (4): DataMax packet received!!!  from 5 
0:9:54.882003772 DEBUG (4): ### RoutingReceive.receive() end ##### 
0:9:54.882171618 DEBUG (5): A Data Max package sent... True 
0:9:54.970703135 DEBUG (5): LostTaskTimer.fired()
0:9:55.000000010 DEBUG (2): SlotTimer.fired()
0:9:55.000000010 DEBUG (4): SlotTimer.fired()
0:9:55.000000010 DEBUG (7): SlotTimer.fired()
0:9:55.000000020 DEBUG (2): calculateData()
0:9:55.000000020 DEBUG (2): calculateData(): No Data Received!!!
0:9:55.000000020 DEBUG (2): calculateData(): Sending Measurement [20] to Parent 1 
0:9:55.000000020 DEBUG (2): calculateData(): DataMaxMsg enqueued in SendingMaxQueue successfully!!!
0:9:55.000000020 DEBUG (2): updateSensorValue(): New Measurement = 19
0:9:55.000000020 DEBUG (4): calculateData()
0:9:55.000000020 DEBUG (4): calculateData(): Data Received from 5: Value = 32
0:9:55.000000020 DEBUG (4): calculateData(): DataMaxMsg enqueued in SendingQueue successfully!!!
0:9:55.000000020 DEBUG (4): updateSensorValue(): New Measurement = 18
0:9:55.000000020 DEBUG (7): calculateData()
0:9:55.000000020 DEBUG (7): calculateData(): No Data Received!!!
0:9:55.000000020 DEBUG (7): calculateData(): Sending Measurement [50] to Parent 1 
0:9:55.000000020 DEBUG (7): calculateData(): DataMaxMsg enqueued in SendingMaxQueue successfully!!!
0:9:55.000000020 DEBUG (7): updateSensorValue(): New Measurement = 45
0:9:55.000000040 DEBUG (2): sendMaxDataTask(): Send returned success!!!
0:9:55.000000040 DEBUG (4): sendMaxDataTask(): Send returned success!!!
0:9:55.000000040 DEBUG (7): sendMaxDataTask(): Send returned success!!!
0:9:55.006683350 DEBUG (1): DataMax packet received!!!  from 2 
0:9:55.006683350 DEBUG (1): ### RoutingReceive.receive() end ##### 
0:9:55.006851196 DEBUG (2): A Data Max package sent... True 
0:9:55.009262071 DEBUG (7): A Data Max package sent... True 
0:9:55.009429917 DEBUG (4): A Data Max package sent... True 
0:9:55.097656260 DEBUG (2): LostTaskTimer.fired()
0:9:55.097656260 DEBUG (4): LostTaskTimer.fired()
0:9:55.097656260 DEBUG (7): LostTaskTimer.fired()
0:9:55.126953135 DEBUG (1): SlotTimer.fired()
0:9:55.126953145 DEBUG (1): calculateData()
0:9:55.126953145 DEBUG (1): calculateData(): Data Received from 2: Value = 20
0:9:55.126953145 DEBUG (1): calculateData(): DataMaxMsg enqueued in SendingQueue successfully!!!
0:9:55.126953145 DEBUG (1): updateSensorValue(): New Measurement = 45
0:9:55.126953165 DEBUG (1): sendMaxDataTask(): Send returned success!!!
0:9:55.136505111 DEBUG (0): DataMax packet received!!!  from 1 
0:9:55.136505111 DEBUG (0): ### RoutingReceive.receive() end ##### 
0:9:55.136672957 DEBUG (1): A Data Max package sent... True 
0:9:55.224609385 DEBUG (1): LostTaskTimer.fired()
0:9:55.253906260 DEBUG (0): SlotTimer.fired()
0:9:55.253906270 DEBUG (0): calculateData()
0:9:55.253906270 DEBUG (0): calculateData(): Data Received from 1: Value = 47
0:9:55.253906270 DEBUG (0): calculateData(): Sending Results to PC
0:9:55.253906270 DEBUG (0): 
	rootResults(): MAX = 47

0:9:55.253906270 DEBUG (0): updateSensorValue(): New Measurement = 7
0:9:55.937500020 DEBUG (0): Radio stopped!
0:9:55.937500020 DEBUG (1): Radio stopped!
0:9:55.937500020 DEBUG (2): Radio stopped!
0:9:55.937500020 DEBUG (4): Radio stopped!
0:9:55.937500020 DEBUG (5): Radio stopped!
0:9:55.937500020 DEBUG (7): Radio stopped!
Node 0 connected with node 1 True True
Node 0 connected with node 2 False False
Node 1 connected with node 7 True True
Node 2 connected with node 3 False False
Node 4 connected with node 8 False False
Node 4 connected with node 5 True True
